yarn run v0.19.1
$ webpack-dev-server --config ./webpack.dev.js --colors 
Project is running at [1m[34mhttp://localhost:9000/[39m[22m
webpack output is served from [1m[34m/[39m[22m
Content not from webpack is served from [1m[34m/home/seymo079/3601/3601-lab3_angular-spark/client/dist[39m[22m
404s will fallback to [1m[34m/index.html[39m[22m

[at-loader] Using typescript@2.1.5 from typescript and "tsconfig.json" from /home/seymo079/3601/3601-lab3_angular-spark/client/tsconfig.json.

webpack: wait until bundle finished: /users

[at-loader] Checking started in a separate process...

[at-loader] Ok, 0.887 sec.
chunk    {[1m[33m0[39m[22m} [1m[32mapp.bundle.js, app.bundle.js.map[39m[22m (app) 1.78 MB {[1m[33m1[39m[22m}[1m[33m [initial][39m[22m[1m[32m [rendered][39m[22m
chunk    {[1m[33m1[39m[22m} [1m[32mvendor.bundle.js, vendor.bundle.js.map[39m[22m (vendor) 2.32 MB[1m[33m [entry][39m[22m[1m[32m [rendered][39m[22m

[1m[33mWARNING in ./~/@angular/core/src/linker/system_js_ng_module_factory_loader.js
71:15-36 Critical dependency: the request of a dependency is an expression[39m[22m

[1m[33mWARNING in ./~/@angular/core/src/linker/system_js_ng_module_factory_loader.js
87:15-102 Critical dependency: the request of a dependency is an expression[39m[22m
Child [1mhtml-webpack-plugin for "index.html"[39m[22m:
    chunk    {[1m[33m0[39m[22m} [1m[32mindex.html[39m[22m 263 bytes[1m[33m [entry][39m[22m[1m[32m [rendered][39m[22m
webpack: Compiled with warnings.
Done in 3065.48s.
